<?xml version="1.0" encoding="UTF-8"?>
<!-- Generated by org.testng.reporters.JUnitXMLReporter -->
<testsuite ignored="0" hostname="Mayank" failures="0" tests="4" name="Default test" time="37.018" errors="0" timestamp="2025-03-25T17:24:10 IST">
  <testcase classname="testNG.MainHMRlinktest" name="testsceanrio06" time="12.076"/>
  <testcase classname="testNG.MainHMRlinktest" name="testscenario03" time="2.178"/>
  <testcase classname="testNG.MainHMRlinktest" name="testscenario04" time="11.92"/>
  <testcase classname="testNG.MainHMRlinktest" name="testscenario05" time="10.824"/>
</testsuite> <!-- Default test -->
