<?xml version="1.0" encoding="UTF-8"?>
<testng-results ignored="0" total="4" passed="4" failed="0" skipped="0">
  <reporter-output>
  </reporter-output>
  <suite started-at="2025-03-25T17:23:33 IST" name="Default suite" finished-at="2025-03-25T17:24:10 IST" duration-ms="37018">
    <groups>
    </groups>
    <test started-at="2025-03-25T17:23:33 IST" name="Default test" finished-at="2025-03-25T17:24:10 IST" duration-ms="37018">
      <class name="testNG.MainHMRlinktest">
        <test-method signature="testsceanrio06()[pri:0, instance:testNG.MainHMRlinktest@5158b42f]" started-at="2025-03-25T17:23:33 IST" name="testsceanrio06" finished-at="2025-03-25T17:23:45 IST" duration-ms="12076" status="PASS">
          <reporter-output>
          </reporter-output>
        </test-method> <!-- testsceanrio06 -->
        <test-method signature="testscenario03()[pri:0, instance:testNG.MainHMRlinktest@5158b42f]" started-at="2025-03-25T17:23:45 IST" name="testscenario03" finished-at="2025-03-25T17:23:47 IST" duration-ms="2178" status="PASS">
          <reporter-output>
          </reporter-output>
        </test-method> <!-- testscenario03 -->
        <test-method signature="testscenario04()[pri:0, instance:testNG.MainHMRlinktest@5158b42f]" started-at="2025-03-25T17:23:47 IST" name="testscenario04" finished-at="2025-03-25T17:23:59 IST" duration-ms="11920" status="PASS">
          <reporter-output>
          </reporter-output>
        </test-method> <!-- testscenario04 -->
        <test-method signature="testscenario05()[pri:0, instance:testNG.MainHMRlinktest@5158b42f]" started-at="2025-03-25T17:23:59 IST" name="testscenario05" finished-at="2025-03-25T17:24:10 IST" duration-ms="10824" status="PASS">
          <reporter-output>
          </reporter-output>
        </test-method> <!-- testscenario05 -->
      </class> <!-- testNG.MainHMRlinktest -->
    </test> <!-- Default test -->
  </suite> <!-- Default suite -->
</testng-results>
